<?xml version="1.0" encoding="UTF-8"?>
<!-- Generated by org.testng.reporters.JUnitXMLReporter -->
<testsuite ignored="0" hostname="LAPTOP-5KJG784B" failures="0" tests="4" name="Default test" time="68.976" errors="0" timestamp="2023-10-17T08:24:44 IST">
  <testcase classname="testcases.TC_Basic_Functionality" name="loginTo_eBayAccount" time="12.465"/>
  <testcase classname="testcases.TC_Basic_Functionality" name="searchforAProduct" time="12.174"/>
  <testcase classname="testcases.TC_Basic_Functionality" name="addItemToCart" time="19.809"/>
  <testcase classname="testcases.TC_Basic_Functionality" name="checkOutProcess" time="16.721"/>
</testsuite> <!-- Default test -->
