<?xml version="1.0" encoding="UTF-8"?>
<!-- Generated by org.testng.reporters.JUnitXMLReporter -->
<testsuite ignored="0" hostname="LAPTOP-5KJG784B" failures="0" tests="8" name="eBayTest" time="61.925" errors="0" timestamp="2023-10-17T08:28:04 IST">
  <testcase classname="testcases.TC_homepageVerification" name="verifyHomepageTitle" time="0.081"/>
  <testcase classname="testcases.TC_homepageVerification" name="verifyHomepageLogo" time="0.075"/>
  <testcase classname="testcases.TC_homepageVerification" name="verifyHomepageSearchBar" time="0.048"/>
  <testcase classname="testcases.TC_homepageVerification" name="verifyHomepageSearchButton" time="0.046"/>
  <testcase classname="testcases.TC_Basic_Functionality" name="loginTo_eBayAccount" time="10.84"/>
  <testcase classname="testcases.TC_Basic_Functionality" name="searchforAProduct" time="6.763"/>
  <testcase classname="testcases.TC_Basic_Functionality" name="addItemToCart" time="13.079"/>
  <testcase classname="testcases.TC_Basic_Functionality" name="checkOutProcess" time="23.167"/>
</testsuite> <!-- eBayTest -->
