<?xml version="1.0" encoding="UTF-8"?>
<testng-results ignored="0" total="4" passed="4" failed="0" skipped="0">
  <reporter-output>
  </reporter-output>
  <suite started-at="2023-10-16T18:55:41 IST" name="Default suite" finished-at="2023-10-16T18:57:19 IST" duration-ms="98495">
    <groups>
    </groups>
    <test started-at="2023-10-16T18:55:41 IST" name="Default test" finished-at="2023-10-16T18:57:19 IST" duration-ms="98495">
      <class name="testcases.TC_Basic_Functionality">
        <test-method is-config="true" signature="setup()[pri:0, instance:testcases.TC_Basic_Functionality@175c2241]" started-at="2023-10-16T18:55:41 IST" name="setup" finished-at="2023-10-16T18:55:46 IST" duration-ms="5434" status="PASS">
          <reporter-output>
          </reporter-output>
        </test-method> <!-- setup -->
        <test-method signature="loginTo_eBayAccount()[pri:0, instance:testcases.TC_Basic_Functionality@175c2241]" started-at="2023-10-16T18:55:46 IST" name="loginTo_eBayAccount" finished-at="2023-10-16T18:56:17 IST" duration-ms="30384" status="PASS">
          <reporter-output>
          </reporter-output>
        </test-method> <!-- loginTo_eBayAccount -->
        <test-method signature="searchforAProduct()[pri:1, instance:testcases.TC_Basic_Functionality@175c2241]" started-at="2023-10-16T18:56:17 IST" name="searchforAProduct" finished-at="2023-10-16T18:56:34 IST" duration-ms="17025" status="PASS">
          <reporter-output>
          </reporter-output>
        </test-method> <!-- searchforAProduct -->
        <test-method signature="addItemToCart()[pri:2, instance:testcases.TC_Basic_Functionality@175c2241]" started-at="2023-10-16T18:56:34 IST" name="addItemToCart" finished-at="2023-10-16T18:56:58 IST" duration-ms="23746" status="PASS">
          <reporter-output>
          </reporter-output>
        </test-method> <!-- addItemToCart -->
        <test-method signature="checkOutProcess()[pri:3, instance:testcases.TC_Basic_Functionality@175c2241]" started-at="2023-10-16T18:56:58 IST" name="checkOutProcess" finished-at="2023-10-16T18:57:19 IST" duration-ms="21856" status="PASS">
          <reporter-output>
          </reporter-output>
        </test-method> <!-- checkOutProcess -->
        <test-method is-config="true" signature="closingBroswer()[pri:0, instance:testcases.TC_Basic_Functionality@175c2241]" started-at="2023-10-16T18:57:19 IST" name="closingBroswer" finished-at="2023-10-16T18:57:20 IST" duration-ms="358" status="PASS">
          <reporter-output>
          </reporter-output>
        </test-method> <!-- closingBroswer -->
      </class> <!-- testcases.TC_Basic_Functionality -->
    </test> <!-- Default test -->
  </suite> <!-- Default suite -->
</testng-results>
